#
# There is insufficient memory for the Java Runtime Environment to continue.
# Native memory allocation (malloc) failed to allocate 63856 bytes for Chunk::new
# Possible reasons:
#   The system is out of physical RAM or swap space
#   In 32 bit mode, the process size limit was hit
# Possible solutions:
#   Reduce memory load on the system
#   Increase physical memory or swap space
#   Check if swap backing store is full
#   Use 64 bit Java on a 64 bit OS
#   Decrease Java heap size (-Xmx/-Xms)
#   Decrease number of Java threads
#   Decrease Java thread stack sizes (-Xss)
#   Set larger code cache with -XX:ReservedCodeCacheSize=
# This output file may be truncated or incomplete.
#
#  Out of Memory Error (allocation.cpp:390), pid=207356, tid=231080
#
# JRE version: Java(TM) SE Runtime Environment (8.0_65-b17) (build 1.8.0_65-b17)
# Java VM: Java HotSpot(TM) 64-Bit Server VM (25.65-b01 mixed mode windows-amd64 compressed oops)
# Failed to write core dump. Minidumps are not enabled by default on client versions of Windows
#

---------------  T H R E A D  ---------------

Current thread (0x000000001799e800):  JavaThread "C2 CompilerThread0" daemon [_thread_in_native, id=231080, stack(0x0000000019300000,0x0000000019400000)]

Stack: [0x0000000019300000,0x0000000019400000]
[error occurred during error reporting (printing stack bounds), id 0xc0000005]

Native frames: (J=compiled Java code, j=interpreted, Vv=VM code, C=native code)


Current CompileTask:
C2:   7949 1201   !   4       java.lang.ClassLoader::loadClass (122 bytes)


---------------  P R O C E S S  ---------------

Java Threads: ( => current thread )
  0x0000000018d6c000 JavaThread "Service Thread" daemon [_thread_blocked, id=213192, stack(0x0000000019600000,0x0000000019700000)]
  0x00000000179ec800 JavaThread "C1 CompilerThread2" daemon [_thread_blocked, id=229128, stack(0x0000000019500000,0x0000000019600000)]
  0x00000000179a1800 JavaThread "C2 CompilerThread1" daemon [_thread_blocked, id=231040, stack(0x0000000019400000,0x0000000019500000)]
=>0x000000001799e800 JavaThread "C2 CompilerThread0" daemon [_thread_in_native, id=231080, stack(0x0000000019300000,0x0000000019400000)]
  0x0000000018d42800 JavaThread "Attach Listener" daemon [_thread_blocked, id=231084, stack(0x0000000019200000,0x0000000019300000)]
  0x00000000179ac800 JavaThread "Signal Dispatcher" daemon [_thread_blocked, id=231088, stack(0x0000000019100000,0x0000000019200000)]
  0x0000000002e31000 JavaThread "Finalizer" daemon [_thread_blocked, id=231016, stack(0x0000000018c00000,0x0000000018d00000)]
  0x0000000002e2e000 JavaThread "Reference Handler" daemon [_thread_blocked, id=228860, stack(0x0000000018b00000,0x0000000018c00000)]
  0x0000000002d3e000 JavaThread "main" [_thread_in_vm, id=230916, stack(0x0000000002ba0000,0x0000000002ca0000)]

Other Threads:
  0x0000000017957800 VMThread [stack: 0x0000000018a00000,0x0000000018b00000] [id=230976]
  0x0000000018dd1000 WatcherThread [stack: 0x0000000019700000,0x0000000019800000] [id=231076]

VM state:not at safepoint (normal execution)

VM Mutex/Monitor currently owned by a thread: None

Heap:
 PSYoungGen      total 38400K, used 9919K [0x00000000d5d80000, 0x00000000d8800000, 0x0000000100000000)
  eden space 33280K, 14% used [0x00000000d5d80000,0x00000000d62366a0,0x00000000d7e00000)
  from space 5120K, 99% used [0x00000000d7e00000,0x00000000d82f9908,0x00000000d8300000)
  to   space 5120K, 0% used [0x00000000d8300000,0x00000000d8300000,0x00000000d8800000)
 ParOldGen       total 67072K, used 2476K [0x0000000081800000, 0x0000000085980000, 0x00000000d5d80000)
  object space 67072K, 3% used [0x0000000081800000,0x0000000081a6b350,0x0000000085980000)
 Metaspace       used 12476K, capacity 12662K, committed 12928K, reserved 1064960K
  class space    used 1567K, capacity 1641K, committed 1664K, reserved 1048576K

Card table byte_map: [0x0000000012200000,0x0000000012600000] byte_map_base: 0x0000000011df4000

Marking Bits: (ParMarkBitMap*) 0x000000006412a5b0
 Begin Bits: [0x0000000012cb0000, 0x0000000014c50000)
 End Bits:   [0x0000000014c50000, 0x0000000016bf0000)

Polling page: 0x0000000000fb0000

CodeCache: size=245760Kb used=4659Kb max_used=4659Kb free=241100Kb
 bounds [0x0000000002e40000, 0x00000000032e0000, 0x0000000011e40000]
 total_blobs=1605 nmethods=1282 adapters=236
 compilation: enabled

Compilation events (10 events):
Event: 7.844 Thread 0x00000000179ec800 nmethod 1240 0x00000000032b9f10 code [0x00000000032ba0a0, 0x00000000032ba5d8]
Event: 7.844 Thread 0x00000000179ec800 1241       3       java.util.Collections$UnmodifiableMap::get (11 bytes)
Event: 7.844 Thread 0x00000000179ec800 nmethod 1241 0x00000000032b5a50 code [0x00000000032b5bc0, 0x00000000032b5de8]
Event: 7.844 Thread 0x00000000179ec800 1242       1       com.google.inject.spi.InjectionPoint::getMember (5 bytes)
Event: 7.844 Thread 0x00000000179ec800 nmethod 1242 0x00000000032b4490 code [0x00000000032b45e0, 0x00000000032b46f0]
Event: 7.844 Thread 0x00000000179ec800 1243       3       java.util.ArrayList::addAll (54 bytes)
Event: 7.845 Thread 0x00000000179ec800 nmethod 1243 0x00000000032b9490 code [0x00000000032b9640, 0x00000000032b9ca8]
Event: 7.845 Thread 0x00000000179ec800 1244       3       java.util.LinkedHashSet::<init> (27 bytes)
Event: 7.846 Thread 0x00000000179ec800 nmethod 1244 0x00000000032b8950 code [0x00000000032b8b40, 0x00000000032b9188]
Event: 7.846 Thread 0x00000000179ec800 1246       3       com.google.common.util.concurrent.AbstractFuture::releaseWaiters (38 bytes)

GC Heap History (8 events):
Event: 3.461 GC heap before
{Heap before GC invocations=1 (full 0):
 PSYoungGen      total 38400K, used 4680K [0x00000000d5d80000, 0x00000000d8800000, 0x0000000100000000)
  eden space 33280K, 14% used [0x00000000d5d80000,0x00000000d6212310,0x00000000d7e00000)
  from space 5120K, 0% used [0x00000000d8300000,0x00000000d8300000,0x00000000d8800000)
  to   space 5120K, 0% used [0x00000000d7e00000,0x00000000d7e00000,0x00000000d8300000)
 ParOldGen       total 87552K, used 0K [0x0000000081800000, 0x0000000086d80000, 0x00000000d5d80000)
  object space 87552K, 0% used [0x0000000081800000,0x0000000081800000,0x0000000086d80000)
 Metaspace       used 3380K, capacity 4772K, committed 4864K, reserved 1060864K
  class space    used 359K, capacity 464K, committed 512K, reserved 1048576K
Event: 3.463 GC heap after
Heap after GC invocations=1 (full 0):
 PSYoungGen      total 38400K, used 1263K [0x00000000d5d80000, 0x00000000d8800000, 0x0000000100000000)
  eden space 33280K, 0% used [0x00000000d5d80000,0x00000000d5d80000,0x00000000d7e00000)
  from space 5120K, 24% used [0x00000000d7e00000,0x00000000d7f3bf70,0x00000000d8300000)
  to   space 5120K, 0% used [0x00000000d8300000,0x00000000d8300000,0x00000000d8800000)
 ParOldGen       total 87552K, used 8K [0x0000000081800000, 0x0000000086d80000, 0x00000000d5d80000)
  object space 87552K, 0% used [0x0000000081800000,0x0000000081802000,0x0000000086d80000)
 Metaspace       used 3380K, capacity 4772K, committed 4864K, reserved 1060864K
  class space    used 359K, capacity 464K, committed 512K, reserved 1048576K
}
Event: 3.463 GC heap before
{Heap before GC invocations=2 (full 1):
 PSYoungGen      total 38400K, used 1263K [0x00000000d5d80000, 0x00000000d8800000, 0x0000000100000000)
  eden space 33280K, 0% used [0x00000000d5d80000,0x00000000d5d80000,0x00000000d7e00000)
  from space 5120K, 24% used [0x00000000d7e00000,0x00000000d7f3bf70,0x00000000d8300000)
  to   space 5120K, 0% used [0x00000000d8300000,0x00000000d8300000,0x00000000d8800000)
 ParOldGen       total 87552K, used 8K [0x0000000081800000, 0x0000000086d80000, 0x00000000d5d80000)
  object space 87552K, 0% used [0x0000000081800000,0x0000000081802000,0x0000000086d80000)
 Metaspace       used 3380K, capacity 4772K, committed 4864K, reserved 1060864K
  class space    used 359K, capacity 464K, committed 512K, reserved 1048576K
Event: 3.519 GC heap after
Heap after GC invocations=2 (full 1):
 PSYoungGen      total 38400K, used 0K [0x00000000d5d80000, 0x00000000d8800000, 0x0000000100000000)
  eden space 33280K, 0% used [0x00000000d5d80000,0x00000000d5d80000,0x00000000d7e00000)
  from space 5120K, 0% used [0x00000000d7e00000,0x00000000d7e00000,0x00000000d8300000)
  to   space 5120K, 0% used [0x00000000d8300000,0x00000000d8300000,0x00000000d8800000)
 ParOldGen       total 67072K, used 1143K [0x0000000081800000, 0x0000000085980000, 0x00000000d5d80000)
  object space 67072K, 1% used [0x0000000081800000,0x000000008191ded0,0x0000000085980000)
 Metaspace       used 3380K, capacity 4772K, committed 4864K, reserved 1058816K
  class space    used 359K, capacity 464K, committed 512K, reserved 1048576K
}
Event: 5.626 GC heap before
{Heap before GC invocations=3 (full 1):
 PSYoungGen      total 38400K, used 33280K [0x00000000d5d80000, 0x00000000d8800000, 0x0000000100000000)
  eden space 33280K, 100% used [0x00000000d5d80000,0x00000000d7e00000,0x00000000d7e00000)
  from space 5120K, 0% used [0x00000000d7e00000,0x00000000d7e00000,0x00000000d8300000)
  to   space 5120K, 0% used [0x00000000d8300000,0x00000000d8300000,0x00000000d8800000)
 ParOldGen       total 67072K, used 1143K [0x0000000081800000, 0x0000000085980000, 0x00000000d5d80000)
  object space 67072K, 1% used [0x0000000081800000,0x000000008191ded0,0x0000000085980000)
 Metaspace       used 8433K, capacity 8612K, committed 8832K, reserved 1060864K
  class space    used 1021K, capacity 1084K, committed 1152K, reserved 1048576K
Event: 5.716 GC heap after
Heap after GC invocations=3 (full 1):
 PSYoungGen      total 38400K, used 4662K [0x00000000d5d80000, 0x00000000d8800000, 0x0000000100000000)
  eden space 33280K, 0% used [0x00000000d5d80000,0x00000000d5d80000,0x00000000d7e00000)
  from space 5120K, 91% used [0x00000000d8300000,0x00000000d878d800,0x00000000d8800000)
  to   space 5120K, 0% used [0x00000000d7e00000,0x00000000d7e00000,0x00000000d8300000)
 ParOldGen       total 67072K, used 1151K [0x0000000081800000, 0x0000000085980000, 0x00000000d5d80000)
  object space 67072K, 1% used [0x0000000081800000,0x000000008191fed0,0x0000000085980000)
 Metaspace       used 8433K, capacity 8612K, committed 8832K, reserved 1060864K
  class space    used 1021K, capacity 1084K, committed 1152K, reserved 1048576K
}
Event: 7.512 GC heap before
{Heap before GC invocations=4 (full 1):
 PSYoungGen      total 38400K, used 37942K [0x00000000d5d80000, 0x00000000d8800000, 0x0000000100000000)
  eden space 33280K, 100% used [0x00000000d5d80000,0x00000000d7e00000,0x00000000d7e00000)
  from space 5120K, 91% used [0x00000000d8300000,0x00000000d878d800,0x00000000d8800000)
  to   space 5120K, 0% used [0x00000000d7e00000,0x00000000d7e00000,0x00000000d8300000)
 ParOldGen       total 67072K, used 1151K [0x0000000081800000, 0x0000000085980000, 0x00000000d5d80000)
  object space 67072K, 1% used [0x0000000081800000,0x000000008191fed0,0x0000000085980000)
 Metaspace       used 11941K, capacity 12214K, committed 12416K, reserved 1064960K
  class space    used 1483K, capacity 1577K, committed 1664K, reserved 1048576K
Event: 7.533 GC heap after
Heap after GC invocations=4 (full 1):
 PSYoungGen      total 38400K, used 5094K [0x00000000d5d80000, 0x00000000d8800000, 0x0000000100000000)
  eden space 33280K, 0% used [0x00000000d5d80000,0x00000000d5d80000,0x00000000d7e00000)
  from space 5120K, 99% used [0x00000000d7e00000,0x00000000d82f9908,0x00000000d8300000)
  to   space 5120K, 0% used [0x00000000d8300000,0x00000000d8300000,0x00000000d8800000)
 ParOldGen       total 67072K, used 2476K [0x0000000081800000, 0x0000000085980000, 0x00000000d5d80000)
  object space 67072K, 3% used [0x0000000081800000,0x0000000081a6b350,0x0000000085980000)
 Metaspace       used 11941K, capacity 12214K, committed 12416K, reserved 1064960K
  class space    used 1483K, capacity 1577K, committed 1664K, reserved 1048576K
}

Deoptimization events (10 events):
Event: 4.338 Thread 0x0000000002d3e000 Uncommon trap: reason=unstable_if action=reinterpret pc=0x0000000002fbb180 method=java.lang.String.indexOf([CII[CIII)I @ 3
Event: 4.808 Thread 0x0000000002d3e000 Uncommon trap: reason=unstable_if action=reinterpret pc=0x0000000003091a7c method=java.util.HashMap.getNode(ILjava/lang/Object;)Ljava/util/HashMap$Node; @ 129
Event: 4.910 Thread 0x0000000002d3e000 Uncommon trap: reason=unstable_if action=reinterpret pc=0x00000000030c9c34 method=java.nio.charset.CoderResult.isOverflow()Z @ 5
Event: 4.944 Thread 0x0000000002d3e000 Uncommon trap: reason=unstable_if action=reinterpret pc=0x00000000030c4e2c method=java.nio.charset.CoderResult.isOverflow()Z @ 5
Event: 5.117 Thread 0x0000000002d3e000 Uncommon trap: reason=unstable_if action=reinterpret pc=0x00000000030e8954 method=sun.nio.cs.StreamDecoder.implRead([CII)I @ 197
Event: 5.117 Thread 0x0000000002d3e000 Uncommon trap: reason=unstable_if action=reinterpret pc=0x00000000030b88ec method=java.io.Reader.read()I @ 12
Event: 5.143 Thread 0x0000000002d3e000 Uncommon trap: reason=unstable_if action=reinterpret pc=0x00000000030f0e40 method=java.nio.charset.CharsetDecoder.decode(Ljava/nio/ByteBuffer;Ljava/nio/CharBuffer;Z)Ljava/nio/charset/CoderResult; @ 15
Event: 5.387 Thread 0x0000000002d3e000 Uncommon trap: reason=unstable_if action=reinterpret pc=0x000000000310b37c method=org.codehaus.plexus.util.xml.pull.MXParser.nextImpl()I @ 241
Event: 5.601 Thread 0x0000000002d3e000 Uncommon trap: reason=unstable_if action=reinterpret pc=0x0000000003094f40 method=java.util.HashMap.getNode(ILjava/lang/Object;)Ljava/util/HashMap$Node; @ 129
Event: 5.619 Thread 0x0000000002d3e000 Uncommon trap: reason=range_check action=make_not_entrant pc=0x0000000003114360 method=sun.reflect.generics.parser.SignatureParser.current()C @ 34

Internal exceptions (10 events):
Event: 3.689 Thread 0x0000000002d3e000 Exception <a 'java/security/PrivilegedActionException'> (0x00000000d5f777f0) thrown at [C:\workspace\8-2-build-windows-amd64-cygwin\jdk8u65\4987\hotspot\src\share\vm\prims\jvm.cpp, line 1386]
Event: 3.690 Thread 0x0000000002d3e000 Exception <a 'java/security/PrivilegedActionException'> (0x00000000d5f7a090) thrown at [C:\workspace\8-2-build-windows-amd64-cygwin\jdk8u65\4987\hotspot\src\share\vm\prims\jvm.cpp, line 1386]
Event: 3.690 Thread 0x0000000002d3e000 Exception <a 'java/security/PrivilegedActionException'> (0x00000000d5f7a2a0) thrown at [C:\workspace\8-2-build-windows-amd64-cygwin\jdk8u65\4987\hotspot\src\share\vm\prims\jvm.cpp, line 1386]
Event: 4.784 Thread 0x0000000002d3e000 Exception <a 'java/lang/ArrayIndexOutOfBoundsException'> (0x00000000d6ea3890) thrown at [C:\workspace\8-2-build-windows-amd64-cygwin\jdk8u65\4987\hotspot\src\share\vm\runtime\sharedRuntime.cpp, line 605]
Event: 4.790 Thread 0x0000000002d3e000 Exception <a 'java/lang/ArrayIndexOutOfBoundsException'> (0x00000000d6ec0bb0) thrown at [C:\workspace\8-2-build-windows-amd64-cygwin\jdk8u65\4987\hotspot\src\share\vm\runtime\sharedRuntime.cpp, line 605]
Event: 4.806 Thread 0x0000000002d3e000 Exception <a 'java/lang/ArrayIndexOutOfBoundsException'> (0x00000000d6f04af0) thrown at [C:\workspace\8-2-build-windows-amd64-cygwin\jdk8u65\4987\hotspot\src\share\vm\runtime\sharedRuntime.cpp, line 605]
Event: 5.474 Thread 0x0000000002d3e000 Exception <a 'java/lang/ArrayIndexOutOfBoundsException'> (0x00000000d7aa6270) thrown at [C:\workspace\8-2-build-windows-amd64-cygwin\jdk8u65\4987\hotspot\src\share\vm\runtime\sharedRuntime.cpp, line 605]
Event: 5.475 Thread 0x0000000002d3e000 Exception <a 'java/lang/ArrayIndexOutOfBoundsException'> (0x00000000d7aa7e00) thrown at [C:\workspace\8-2-build-windows-amd64-cygwin\jdk8u65\4987\hotspot\src\share\vm\runtime\sharedRuntime.cpp, line 605]
Event: 5.587 Thread 0x0000000002d3e000 Exception <a 'java/lang/ArrayIndexOutOfBoundsException'> (0x00000000d7d0acf8) thrown at [C:\workspace\8-2-build-windows-amd64-cygwin\jdk8u65\4987\hotspot\src\share\vm\runtime\sharedRuntime.cpp, line 605]
Event: 5.619 Thread 0x0000000002d3e000 Exception <a 'java/lang/ArrayIndexOutOfBoundsException': 66> (0x00000000d7dcbe30) thrown at [C:\workspace\8-2-build-windows-amd64-cygwin\jdk8u65\4987\hotspot\src\share\vm\interpreter\interpreterRuntime.cpp, line 366]

Events (10 events):
Event: 7.822 loading class com/google/inject/internal/SingleParameterInjector
Event: 7.822 loading class com/google/inject/internal/SingleParameterInjector done
Event: 7.823 loading class com/google/inject/internal/InjectorImpl$JitLimitation
Event: 7.823 loading class com/google/inject/internal/InjectorImpl$JitLimitation done
Event: 7.826 loading class com/google/inject/internal/SingleFieldInjector
Event: 7.826 loading class com/google/inject/internal/SingleFieldInjector done
Event: 7.841 loading class com/google/inject/internal/InjectorImpl$1
Event: 7.841 loading class com/google/inject/internal/InjectorImpl$1 done
Event: 7.842 loading class com/google/inject/internal/InjectorImpl$ProviderBindingImpl$1
Event: 7.842 loading class com/google/inject/internal/InjectorImpl$ProviderBindingImpl$1 done


Dynamic libraries:
0x00007ff7a8dd0000 - 0x00007ff7a8e07000 	D:\Java\jdk1.8.0_65\bin\java.exe
0x00007ffe5d8b0000 - 0x00007ffe5da91000 	C:\WINDOWS\SYSTEM32\ntdll.dll
0x00007ffe5ae50000 - 0x00007ffe5af01000 	C:\WINDOWS\System32\KERNEL32.DLL
0x00007ffe5a910000 - 0x00007ffe5ab83000 	C:\WINDOWS\System32\KERNELBASE.dll
0x0000000066f20000 - 0x0000000066fad000 	C:\WINDOWS\System32\SYSFER.DLL
0x00007ffe5ada0000 - 0x00007ffe5ae41000 	C:\WINDOWS\System32\ADVAPI32.dll
0x00007ffe5af70000 - 0x00007ffe5b00e000 	C:\WINDOWS\System32\msvcrt.dll
0x00007ffe5b010000 - 0x00007ffe5b06b000 	C:\WINDOWS\System32\sechost.dll
0x00007ffe5b620000 - 0x00007ffe5b744000 	C:\WINDOWS\System32\RPCRT4.dll
0x00007ffe5d360000 - 0x00007ffe5d4f0000 	C:\WINDOWS\System32\USER32.dll
0x00007ffe5a7a0000 - 0x00007ffe5a7c0000 	C:\WINDOWS\System32\win32u.dll
0x00007ffe5ad30000 - 0x00007ffe5ad58000 	C:\WINDOWS\System32\GDI32.dll
0x00007ffe5ab90000 - 0x00007ffe5ad21000 	C:\WINDOWS\System32\gdi32full.dll
0x00007ffe5a870000 - 0x00007ffe5a90f000 	C:\WINDOWS\System32\msvcp_win.dll
0x00007ffe59ee0000 - 0x00007ffe59fd8000 	C:\WINDOWS\System32\ucrtbase.dll
0x00007ffe4b250000 - 0x00007ffe4b4b9000 	C:\WINDOWS\WinSxS\amd64_microsoft.windows.common-controls_6595b64144ccf1df_6.0.17134.1038_none_d3fe8c457c918b86\COMCTL32.dll
0x00007ffe5d550000 - 0x00007ffe5d871000 	C:\WINDOWS\System32\combase.dll
0x00007ffe59c70000 - 0x00007ffe59ce9000 	C:\WINDOWS\System32\bcryptPrimitives.dll
0x00007ffe5ad60000 - 0x00007ffe5ad8d000 	C:\WINDOWS\System32\IMM32.DLL
0x0000000064ec0000 - 0x0000000064f92000 	D:\Java\jdk1.8.0_65\jre\bin\msvcr100.dll
0x0000000063920000 - 0x00000000641a9000 	D:\Java\jdk1.8.0_65\jre\bin\server\jvm.dll
0x00007ffe5ad90000 - 0x00007ffe5ad98000 	C:\WINDOWS\System32\PSAPI.DLL
0x00007ffe56ac0000 - 0x00007ffe56ac9000 	C:\WINDOWS\SYSTEM32\WSOCK32.dll
0x00007ffe5d270000 - 0x00007ffe5d2dc000 	C:\WINDOWS\System32\WS2_32.dll
0x00007ffe566b0000 - 0x00007ffe566d3000 	C:\WINDOWS\SYSTEM32\WINMM.dll
0x00007ffe55430000 - 0x00007ffe5543a000 	C:\WINDOWS\SYSTEM32\VERSION.dll
0x00007ffe56640000 - 0x00007ffe5666a000 	C:\WINDOWS\SYSTEM32\WINMMBASE.dll
0x00007ffe5a040000 - 0x00007ffe5a089000 	C:\WINDOWS\System32\cfgmgr32.dll
0x0000000066da0000 - 0x0000000066daf000 	D:\Java\jdk1.8.0_65\jre\bin\verify.dll
0x0000000064e90000 - 0x0000000064eb9000 	D:\Java\jdk1.8.0_65\jre\bin\java.dll
0x0000000064e70000 - 0x0000000064e86000 	D:\Java\jdk1.8.0_65\jre\bin\zip.dll
0x00007ffe5be10000 - 0x00007ffe5d254000 	C:\WINDOWS\System32\SHELL32.dll
0x00007ffe5ba70000 - 0x00007ffe5bb19000 	C:\WINDOWS\System32\shcore.dll
0x00007ffe5a090000 - 0x00007ffe5a7a0000 	C:\WINDOWS\System32\windows.storage.dll
0x00007ffe5bdb0000 - 0x00007ffe5be01000 	C:\WINDOWS\System32\shlwapi.dll
0x00007ffe59c50000 - 0x00007ffe59c61000 	C:\WINDOWS\System32\kernel.appcore.dll
0x00007ffe59c30000 - 0x00007ffe59c4f000 	C:\WINDOWS\System32\profapi.dll
0x00007ffe59be0000 - 0x00007ffe59c2c000 	C:\WINDOWS\System32\powrprof.dll
0x00007ffe59bb0000 - 0x00007ffe59bba000 	C:\WINDOWS\System32\FLTLIB.DLL
0x00007ffe4f2a0000 - 0x00007ffe4f2aa000 	D:\android\apache-maven-3.6.1\lib\jansi-native\windows64\jansi.dll

VM Arguments:
jvm_args: -Dclassworlds.conf=D:\android\apache-maven-3.6.1\bin\..\bin\m2.conf -Dmaven.home=D:\android\apache-maven-3.6.1\bin\.. -Dlibrary.jansi.path=D:\android\apache-maven-3.6.1\bin\..\lib\jansi-native -Dmaven.multiModuleProjectDirectory=D:\springBoot_self\myFirstProject-stage 
java_command: org.codehaus.plexus.classworlds.launcher.Launcher spring-boot:run
java_class_path (initial): D:\android\apache-maven-3.6.1\bin\..\boot\plexus-classworlds-2.6.0.jar
Launcher Type: SUN_STANDARD

Environment Variables:
JAVA_HOME=D:\Java\jdk1.8.0_65
CLASSPATH=.\;.\bin;D:\Java\jdk1.8.0_65\lib\dt.jar;D:\Java\jdk1.8.0_65\lib\tools.jar
PATH=E:\oraclexe\app\oracle\product\10.2.0\server\bin;D:\android\sdk\platform-tools;C:\Program Files\MySQL\MySQL Server 5.5\bin;G:\Oracle\app\oracle\product\11.2.0\server\bin;C:\ProgramData\Oracle\Java\javapath;C:\WINDOWS\system32;C:\WINDOWS;C:\WINDOWS\System32\Wbem;C:\WINDOWS\System32\WindowsPowerShell\v1.0\;C:\Program Files\Microsoft SQL Server\110\Tools\Binn\;C:\Program Files\Microsoft\Web Platform Installer\;C:\Program Files (x86)\Microsoft ASP.NET\ASP.NET Web Pages\v1.0\;D:\Java\jdk1.8.0_65\bin;C:\Qt\Qt5.7.0\5.7\mingw53_32\bin;C:\WINDOWS\System32\OpenSSH\;D:\android\apache-maven-3.6.1\bin;E:\SVN\bin;E:\SVNServer\bin;C:\Program Files\erl9.2\bin;D:\android\gradle-5.3.1\bin;C:\Users\Ñî¼ª\AppData\Local\Yarn\bin;E:\MySQL Server 5.5\bin;D:\NativeForMysql\bin;D:\MySQL Server 5.5\bin;E:\nodejs\;C:\Users\Ñî¼ª\AppData\Local\Microsoft\WindowsApps;E:\Microsoft VS Code\bin;C:\Users\Ñî¼ª\AppData\Roaming\npm
USERNAME=Ñî¼ª
OS=Windows_NT
PROCESSOR_IDENTIFIER=Intel64 Family 6 Model 142 Stepping 9, GenuineIntel



---------------  S Y S T E M  ---------------

OS: Windows 10.0 , 64 bit Build 17134 (10.0.17134.753)

CPU:total 4 (2 cores per cpu, 2 threads per core) family 6 model 142 stepping 9, cmov, cx8, fxsr, mmx, sse, sse2, sse3, ssse3, sse4.1, sse4.2, popcnt, aes, clmul, erms, 3dnowpref, lzcnt, ht, tsc, tscinvbit

Memory: 4k page, physical 8286440k(341480k free), swap 14840956k(5824k free)

vm_info: Java HotSpot(TM) 64-Bit Server VM (25.65-b01) for windows-amd64 JRE (1.8.0_65-b17), built on Oct  6 2015 16:39:20 by "java_re" with MS VC++ 10.0 (VS2010)

time: Wed Nov 27 16:08:31 2019
elapsed time: 7 seconds (0d 0h 0m 7s)

